Command line invocation:
    /Applications/Xcode.app/Contents/Developer/usr/bin/xcodebuild -project iOSWhisperSmart.xcodeproj -scheme iOSWhisperSmart -configuration Debug -destination "platform=iOS Simulator,name=iPhone 16 Pro" build

ComputePackagePrebuildTargetDependencyGraph

Prepare packages

CreateBuildRequest

SendProjectDescription

CreateBuildOperation

ComputeTargetDependencyGraph
note: Building targets in dependency order
note: Target dependency graph (2 targets)
    Target 'iOSWhisperSmart' in project 'iOSWhisperSmart'
        ➜ Explicit dependency on target 'iOSWhisperSmartKeyboard' in project 'iOSWhisperSmart'
    Target 'iOSWhisperSmartKeyboard' in project 'iOSWhisperSmart' (no dependencies)

GatherProvisioningInputs

CreateBuildDescription

ClangStatCache /Applications/Xcode.app/Contents/Developer/Toolchains/XcodeDefault.xctoolchain/usr/bin/clang-stat-cache /Applications/Xcode.app/Contents/Developer/Platforms/iPhoneSimulator.platform/Developer/SDKs/iPhoneSimulator18.5.sdk /Users/rahulkashyap/Library/Developer/Xcode/DerivedData/SDKStatCaches.noindex/iphonesimulator18.5-22F76-d5fc8ad4295d2ef488fb7d0f804ce0c4.sdkstatcache
    cd /Users/rahulkashyap/.openclaw/workspace/VisperflowClone/iOSWhisperSmart/iOSWhisperSmart.xcodeproj
    /Applications/Xcode.app/Contents/Developer/Toolchains/XcodeDefault.xctoolchain/usr/bin/clang-stat-cache /Applications/Xcode.app/Contents/Developer/Platforms/iPhoneSimulator.platform/Developer/SDKs/iPhoneSimulator18.5.sdk -o /Users/rahulkashyap/Library/Developer/Xcode/DerivedData/SDKStatCaches.noindex/iphonesimulator18.5-22F76-d5fc8ad4295d2ef488fb7d0f804ce0c4.sdkstatcache

ProcessInfoPlistFile /Users/rahulkashyap/Library/Developer/Xcode/DerivedData/iOSWhisperSmart-dxqurlwblkchnmalapbxnkyauthz/Build/Products/Debug-iphonesimulator/iOSWhisperSmartKeyboard.appex/Info.plist /Users/rahulkashyap/.openclaw/workspace/VisperflowClone/iOSWhisperSmart/KeyboardExtension/Info.plist (in target 'iOSWhisperSmartKeyboard' from project 'iOSWhisperSmart')
    cd /Users/rahulkashyap/.openclaw/workspace/VisperflowClone/iOSWhisperSmart
    builtin-infoPlistUtility /Users/rahulkashyap/.openclaw/workspace/VisperflowClone/iOSWhisperSmart/KeyboardExtension/Info.plist -producttype com.apple.product-type.app-extension -expandbuildsettings -format binary -platform iphonesimulator -o /Users/rahulkashyap/Library/Developer/Xcode/DerivedData/iOSWhisperSmart-dxqurlwblkchnmalapbxnkyauthz/Build/Products/Debug-iphonesimulator/iOSWhisperSmartKeyboard.appex/Info.plist

ProcessProductPackaging /Users/rahulkashyap/.openclaw/workspace/VisperflowClone/iOSWhisperSmart/App/iOSWhisperSmart.entitlements /Users/rahulkashyap/Library/Developer/Xcode/DerivedData/iOSWhisperSmart-dxqurlwblkchnmalapbxnkyauthz/Build/Intermediates.noindex/iOSWhisperSmart.build/Debug-iphonesimulator/iOSWhisperSmart.build/iOSWhisperSmart.app.xcent (in target 'iOSWhisperSmart' from project 'iOSWhisperSmart')
    cd /Users/rahulkashyap/.openclaw/workspace/VisperflowClone/iOSWhisperSmart
    
    Entitlements:
    
    {
}
    
    builtin-productPackagingUtility /Users/rahulkashyap/.openclaw/workspace/VisperflowClone/iOSWhisperSmart/App/iOSWhisperSmart.entitlements -entitlements -format xml -o /Users/rahulkashyap/Library/Developer/Xcode/DerivedData/iOSWhisperSmart-dxqurlwblkchnmalapbxnkyauthz/Build/Intermediates.noindex/iOSWhisperSmart.build/Debug-iphonesimulator/iOSWhisperSmart.build/iOSWhisperSmart.app.xcent

ProcessProductPackaging /Users/rahulkashyap/.openclaw/workspace/VisperflowClone/iOSWhisperSmart/App/iOSWhisperSmart.entitlements /Users/rahulkashyap/Library/Developer/Xcode/DerivedData/iOSWhisperSmart-dxqurlwblkchnmalapbxnkyauthz/Build/Intermediates.noindex/iOSWhisperSmart.build/Debug-iphonesimulator/iOSWhisperSmart.build/iOSWhisperSmart.app-Simulated.xcent (in target 'iOSWhisperSmart' from project 'iOSWhisperSmart')
    cd /Users/rahulkashyap/.openclaw/workspace/VisperflowClone/iOSWhisperSmart
    
    Entitlements:
    
    {
    "application-identifier" = "WTV4FNC45Q.com.visperflow.iOSWhisperSmart";
    "com.apple.security.application-groups" =     (
        "group.com.visperflow.iOSWhisperSmart"
    );
}
    
    builtin-productPackagingUtility /Users/rahulkashyap/.openclaw/workspace/VisperflowClone/iOSWhisperSmart/App/iOSWhisperSmart.entitlements -entitlements -format xml -o /Users/rahulkashyap/Library/Developer/Xcode/DerivedData/iOSWhisperSmart-dxqurlwblkchnmalapbxnkyauthz/Build/Intermediates.noindex/iOSWhisperSmart.build/Debug-iphonesimulator/iOSWhisperSmart.build/iOSWhisperSmart.app-Simulated.xcent

ProcessProductPackagingDER /Users/rahulkashyap/Library/Developer/Xcode/DerivedData/iOSWhisperSmart-dxqurlwblkchnmalapbxnkyauthz/Build/Intermediates.noindex/iOSWhisperSmart.build/Debug-iphonesimulator/iOSWhisperSmart.build/iOSWhisperSmart.app.xcent /Users/rahulkashyap/Library/Developer/Xcode/DerivedData/iOSWhisperSmart-dxqurlwblkchnmalapbxnkyauthz/Build/Intermediates.noindex/iOSWhisperSmart.build/Debug-iphonesimulator/iOSWhisperSmart.build/iOSWhisperSmart.app.xcent.der (in target 'iOSWhisperSmart' from project 'iOSWhisperSmart')
    cd /Users/rahulkashyap/.openclaw/workspace/VisperflowClone/iOSWhisperSmart
    /usr/bin/derq query -f xml -i /Users/rahulkashyap/Library/Developer/Xcode/DerivedData/iOSWhisperSmart-dxqurlwblkchnmalapbxnkyauthz/Build/Intermediates.noindex/iOSWhisperSmart.build/Debug-iphonesimulator/iOSWhisperSmart.build/iOSWhisperSmart.app.xcent -o /Users/rahulkashyap/Library/Developer/Xcode/DerivedData/iOSWhisperSmart-dxqurlwblkchnmalapbxnkyauthz/Build/Intermediates.noindex/iOSWhisperSmart.build/Debug-iphonesimulator/iOSWhisperSmart.build/iOSWhisperSmart.app.xcent.der --raw

ProcessProductPackagingDER /Users/rahulkashyap/Library/Developer/Xcode/DerivedData/iOSWhisperSmart-dxqurlwblkchnmalapbxnkyauthz/Build/Intermediates.noindex/iOSWhisperSmart.build/Debug-iphonesimulator/iOSWhisperSmart.build/iOSWhisperSmart.app-Simulated.xcent /Users/rahulkashyap/Library/Developer/Xcode/DerivedData/iOSWhisperSmart-dxqurlwblkchnmalapbxnkyauthz/Build/Intermediates.noindex/iOSWhisperSmart.build/Debug-iphonesimulator/iOSWhisperSmart.build/iOSWhisperSmart.app-Simulated.xcent.der (in target 'iOSWhisperSmart' from project 'iOSWhisperSmart')
    cd /Users/rahulkashyap/.openclaw/workspace/VisperflowClone/iOSWhisperSmart
    /usr/bin/derq query -f xml -i /Users/rahulkashyap/Library/Developer/Xcode/DerivedData/iOSWhisperSmart-dxqurlwblkchnmalapbxnkyauthz/Build/Intermediates.noindex/iOSWhisperSmart.build/Debug-iphonesimulator/iOSWhisperSmart.build/iOSWhisperSmart.app-Simulated.xcent -o /Users/rahulkashyap/Library/Developer/Xcode/DerivedData/iOSWhisperSmart-dxqurlwblkchnmalapbxnkyauthz/Build/Intermediates.noindex/iOSWhisperSmart.build/Debug-iphonesimulator/iOSWhisperSmart.build/iOSWhisperSmart.app-Simulated.xcent.der --raw

Ld /Users/rahulkashyap/Library/Developer/Xcode/DerivedData/iOSWhisperSmart-dxqurlwblkchnmalapbxnkyauthz/Build/Products/Debug-iphonesimulator/iOSWhisperSmart.app/iOSWhisperSmart.debug.dylib normal (in target 'iOSWhisperSmart' from project 'iOSWhisperSmart')
    cd /Users/rahulkashyap/.openclaw/workspace/VisperflowClone/iOSWhisperSmart
    /Applications/Xcode.app/Contents/Developer/Toolchains/XcodeDefault.xctoolchain/usr/bin/clang -Xlinker -reproducible -target arm64-apple-ios17.0-simulator -dynamiclib -isysroot /Applications/Xcode.app/Contents/Developer/Platforms/iPhoneSimulator.platform/Developer/SDKs/iPhoneSimulator18.5.sdk -O0 -L/Users/rahulkashyap/Library/Developer/Xcode/DerivedData/iOSWhisperSmart-dxqurlwblkchnmalapbxnkyauthz/Build/Intermediates.noindex/EagerLinkingTBDs/Debug-iphonesimulator -L/Users/rahulkashyap/Library/Developer/Xcode/DerivedData/iOSWhisperSmart-dxqurlwblkchnmalapbxnkyauthz/Build/Products/Debug-iphonesimulator -F/Users/rahulkashyap/Library/Developer/Xcode/DerivedData/iOSWhisperSmart-dxqurlwblkchnmalapbxnkyauthz/Build/Intermediates.noindex/EagerLinkingTBDs/Debug-iphonesimulator -F/Users/rahulkashyap/Library/Developer/Xcode/DerivedData/iOSWhisperSmart-dxqurlwblkchnmalapbxnkyauthz/Build/Products/Debug-iphonesimulator -filelist /Users/rahulkashyap/Library/Developer/Xcode/DerivedData/iOSWhisperSmart-dxqurlwblkchnmalapbxnkyauthz/Build/Intermediates.noindex/iOSWhisperSmart.build/Debug-iphonesimulator/iOSWhisperSmart.build/Objects-normal/arm64/iOSWhisperSmart.LinkFileList -install_name @rpath/iOSWhisperSmart.debug.dylib -Xlinker -rpath -Xlinker @executable_path/Frameworks -dead_strip -Xlinker -object_path_lto -Xlinker /Users/rahulkashyap/Library/Developer/Xcode/DerivedData/iOSWhisperSmart-dxqurlwblkchnmalapbxnkyauthz/Build/Intermediates.noindex/iOSWhisperSmart.build/Debug-iphonesimulator/iOSWhisperSmart.build/Objects-normal/arm64/iOSWhisperSmart_lto.o -rdynamic -Xlinker -no_deduplicate -Xlinker -objc_abi_version -Xlinker 2 -Xlinker -dependency_info -Xlinker /Users/rahulkashyap/Library/Developer/Xcode/DerivedData/iOSWhisperSmart-dxqurlwblkchnmalapbxnkyauthz/Build/Intermediates.noindex/iOSWhisperSmart.build/Debug-iphonesimulator/iOSWhisperSmart.build/Objects-normal/arm64/iOSWhisperSmart_dependency_info.dat -fobjc-link-runtime -L/Applications/Xcode.app/Contents/Developer/Toolchains/XcodeDefault.xctoolchain/usr/lib/swift/iphonesimulator -L/usr/lib/swift -Xlinker -add_ast_path -Xlinker /Users/rahulkashyap/Library/Developer/Xcode/DerivedData/iOSWhisperSmart-dxqurlwblkchnmalapbxnkyauthz/Build/Intermediates.noindex/iOSWhisperSmart.build/Debug-iphonesimulator/iOSWhisperSmart.build/Objects-normal/arm64/iOSWhisperSmart.swiftmodule -Xlinker -alias -Xlinker _main -Xlinker ___debug_main_executable_dylib_entry_point -Xlinker -no_adhoc_codesign -o /Users/rahulkashyap/Library/Developer/Xcode/DerivedData/iOSWhisperSmart-dxqurlwblkchnmalapbxnkyauthz/Build/Products/Debug-iphonesimulator/iOSWhisperSmart.app/iOSWhisperSmart.debug.dylib

ConstructStubExecutorLinkFileList /Users/rahulkashyap/Library/Developer/Xcode/DerivedData/iOSWhisperSmart-dxqurlwblkchnmalapbxnkyauthz/Build/Intermediates.noindex/iOSWhisperSmart.build/Debug-iphonesimulator/iOSWhisperSmart.build/iOSWhisperSmart-ExecutorLinkFileList-normal-arm64.txt (in target 'iOSWhisperSmart' from project 'iOSWhisperSmart')
    cd /Users/rahulkashyap/.openclaw/workspace/VisperflowClone/iOSWhisperSmart
    construct-stub-executor-link-file-list /Users/rahulkashyap/Library/Developer/Xcode/DerivedData/iOSWhisperSmart-dxqurlwblkchnmalapbxnkyauthz/Build/Products/Debug-iphonesimulator/iOSWhisperSmart.app/iOSWhisperSmart.debug.dylib /Applications/Xcode.app/Contents/Developer/Platforms/iPhoneSimulator.platform/Developer/usr/lib/libPreviewsJITStubExecutor_no_swift_entry_point.a /Applications/Xcode.app/Contents/Developer/Platforms/iPhoneSimulator.platform/Developer/usr/lib/libPreviewsJITStubExecutor.a --output /Users/rahulkashyap/Library/Developer/Xcode/DerivedData/iOSWhisperSmart-dxqurlwblkchnmalapbxnkyauthz/Build/Intermediates.noindex/iOSWhisperSmart.build/Debug-iphonesimulator/iOSWhisperSmart.build/iOSWhisperSmart-ExecutorLinkFileList-normal-arm64.txt
note: Using stub executor library with Swift entry point. (in target 'iOSWhisperSmart' from project 'iOSWhisperSmart')

Ld /Users/rahulkashyap/Library/Developer/Xcode/DerivedData/iOSWhisperSmart-dxqurlwblkchnmalapbxnkyauthz/Build/Products/Debug-iphonesimulator/iOSWhisperSmart.app/iOSWhisperSmart normal (in target 'iOSWhisperSmart' from project 'iOSWhisperSmart')
    cd /Users/rahulkashyap/.openclaw/workspace/VisperflowClone/iOSWhisperSmart
    /Applications/Xcode.app/Contents/Developer/Toolchains/XcodeDefault.xctoolchain/usr/bin/clang -Xlinker -reproducible -target arm64-apple-ios17.0-simulator -isysroot /Applications/Xcode.app/Contents/Developer/Platforms/iPhoneSimulator.platform/Developer/SDKs/iPhoneSimulator18.5.sdk -O0 -L/Users/rahulkashyap/Library/Developer/Xcode/DerivedData/iOSWhisperSmart-dxqurlwblkchnmalapbxnkyauthz/Build/Products/Debug-iphonesimulator -F/Users/rahulkashyap/Library/Developer/Xcode/DerivedData/iOSWhisperSmart-dxqurlwblkchnmalapbxnkyauthz/Build/Products/Debug-iphonesimulator -Xlinker -rpath -Xlinker @executable_path -Xlinker -rpath -Xlinker @executable_path/Frameworks -rdynamic -Xlinker -no_deduplicate -Xlinker -objc_abi_version -Xlinker 2 -e ___debug_blank_executor_main -Xlinker -sectcreate -Xlinker __TEXT -Xlinker __debug_dylib -Xlinker /Users/rahulkashyap/Library/Developer/Xcode/DerivedData/iOSWhisperSmart-dxqurlwblkchnmalapbxnkyauthz/Build/Intermediates.noindex/iOSWhisperSmart.build/Debug-iphonesimulator/iOSWhisperSmart.build/iOSWhisperSmart-DebugDylibPath-normal-arm64.txt -Xlinker -sectcreate -Xlinker __TEXT -Xlinker __debug_instlnm -Xlinker /Users/rahulkashyap/Library/Developer/Xcode/DerivedData/iOSWhisperSmart-dxqurlwblkchnmalapbxnkyauthz/Build/Intermediates.noindex/iOSWhisperSmart.build/Debug-iphonesimulator/iOSWhisperSmart.build/iOSWhisperSmart-DebugDylibInstallName-normal-arm64.txt -Xlinker -filelist -Xlinker /Users/rahulkashyap/Library/Developer/Xcode/DerivedData/iOSWhisperSmart-dxqurlwblkchnmalapbxnkyauthz/Build/Intermediates.noindex/iOSWhisperSmart.build/Debug-iphonesimulator/iOSWhisperSmart.build/iOSWhisperSmart-ExecutorLinkFileList-normal-arm64.txt -Xlinker -sectcreate -Xlinker __TEXT -Xlinker __entitlements -Xlinker /Users/rahulkashyap/Library/Developer/Xcode/DerivedData/iOSWhisperSmart-dxqurlwblkchnmalapbxnkyauthz/Build/Intermediates.noindex/iOSWhisperSmart.build/Debug-iphonesimulator/iOSWhisperSmart.build/iOSWhisperSmart.app-Simulated.xcent -Xlinker -sectcreate -Xlinker __TEXT -Xlinker __ents_der -Xlinker /Users/rahulkashyap/Library/Developer/Xcode/DerivedData/iOSWhisperSmart-dxqurlwblkchnmalapbxnkyauthz/Build/Intermediates.noindex/iOSWhisperSmart.build/Debug-iphonesimulator/iOSWhisperSmart.build/iOSWhisperSmart.app-Simulated.xcent.der /Users/rahulkashyap/Library/Developer/Xcode/DerivedData/iOSWhisperSmart-dxqurlwblkchnmalapbxnkyauthz/Build/Products/Debug-iphonesimulator/iOSWhisperSmart.app/iOSWhisperSmart.debug.dylib -Xlinker -no_adhoc_codesign -o /Users/rahulkashyap/Library/Developer/Xcode/DerivedData/iOSWhisperSmart-dxqurlwblkchnmalapbxnkyauthz/Build/Products/Debug-iphonesimulator/iOSWhisperSmart.app/iOSWhisperSmart

Copy /Users/rahulkashyap/Library/Developer/Xcode/DerivedData/iOSWhisperSmart-dxqurlwblkchnmalapbxnkyauthz/Build/Products/Debug-iphonesimulator/iOSWhisperSmart.app/PlugIns/iOSWhisperSmartKeyboard.appex /Users/rahulkashyap/Library/Developer/Xcode/DerivedData/iOSWhisperSmart-dxqurlwblkchnmalapbxnkyauthz/Build/Products/Debug-iphonesimulator/iOSWhisperSmartKeyboard.appex (in target 'iOSWhisperSmart' from project 'iOSWhisperSmart')
    cd /Users/rahulkashyap/.openclaw/workspace/VisperflowClone/iOSWhisperSmart
    builtin-copy -exclude .DS_Store -exclude CVS -exclude .svn -exclude .git -exclude .hg -exclude Headers -exclude PrivateHeaders -exclude Modules -exclude \*.tbd -resolve-src-symlinks -remove-static-executable /Users/rahulkashyap/Library/Developer/Xcode/DerivedData/iOSWhisperSmart-dxqurlwblkchnmalapbxnkyauthz/Build/Products/Debug-iphonesimulator/iOSWhisperSmartKeyboard.appex /Users/rahulkashyap/Library/Developer/Xcode/DerivedData/iOSWhisperSmart-dxqurlwblkchnmalapbxnkyauthz/Build/Products/Debug-iphonesimulator/iOSWhisperSmart.app/PlugIns

ProcessInfoPlistFile /Users/rahulkashyap/Library/Developer/Xcode/DerivedData/iOSWhisperSmart-dxqurlwblkchnmalapbxnkyauthz/Build/Products/Debug-iphonesimulator/iOSWhisperSmart.app/Info.plist /Users/rahulkashyap/Library/Developer/Xcode/DerivedData/iOSWhisperSmart-dxqurlwblkchnmalapbxnkyauthz/Build/Intermediates.noindex/iOSWhisperSmart.build/Debug-iphonesimulator/iOSWhisperSmart.build/empty-iOSWhisperSmart.plist (in target 'iOSWhisperSmart' from project 'iOSWhisperSmart')
    cd /Users/rahulkashyap/.openclaw/workspace/VisperflowClone/iOSWhisperSmart
    builtin-infoPlistUtility /Users/rahulkashyap/Library/Developer/Xcode/DerivedData/iOSWhisperSmart-dxqurlwblkchnmalapbxnkyauthz/Build/Intermediates.noindex/iOSWhisperSmart.build/Debug-iphonesimulator/iOSWhisperSmart.build/empty-iOSWhisperSmart.plist -producttype com.apple.product-type.application -genpkginfo /Users/rahulkashyap/Library/Developer/Xcode/DerivedData/iOSWhisperSmart-dxqurlwblkchnmalapbxnkyauthz/Build/Products/Debug-iphonesimulator/iOSWhisperSmart.app/PkgInfo -expandbuildsettings -format binary -platform iphonesimulator -scanforprivacyfile /Users/rahulkashyap/Library/Developer/Xcode/DerivedData/iOSWhisperSmart-dxqurlwblkchnmalapbxnkyauthz/Build/Products/Debug-iphonesimulator/iOSWhisperSmart.app/PlugIns/iOSWhisperSmartKeyboard.appex -o /Users/rahulkashyap/Library/Developer/Xcode/DerivedData/iOSWhisperSmart-dxqurlwblkchnmalapbxnkyauthz/Build/Products/Debug-iphonesimulator/iOSWhisperSmart.app/Info.plist

ExtractAppIntentsMetadata (in target 'iOSWhisperSmart' from project 'iOSWhisperSmart')
    cd /Users/rahulkashyap/.openclaw/workspace/VisperflowClone/iOSWhisperSmart
    /Applications/Xcode.app/Contents/Developer/Toolchains/XcodeDefault.xctoolchain/usr/bin/appintentsmetadataprocessor --toolchain-dir /Applications/Xcode.app/Contents/Developer/Toolchains/XcodeDefault.xctoolchain --module-name iOSWhisperSmart --sdk-root /Applications/Xcode.app/Contents/Developer/Platforms/iPhoneSimulator.platform/Developer/SDKs/iPhoneSimulator18.5.sdk --xcode-version 16F6 --platform-family iOS --deployment-target 17.0 --bundle-identifier com.visperflow.iOSWhisperSmart --output /Users/rahulkashyap/Library/Developer/Xcode/DerivedData/iOSWhisperSmart-dxqurlwblkchnmalapbxnkyauthz/Build/Products/Debug-iphonesimulator/iOSWhisperSmart.app --target-triple arm64-apple-ios17.0-simulator --binary-file /Users/rahulkashyap/Library/Developer/Xcode/DerivedData/iOSWhisperSmart-dxqurlwblkchnmalapbxnkyauthz/Build/Products/Debug-iphonesimulator/iOSWhisperSmart.app/iOSWhisperSmart --dependency-file /Users/rahulkashyap/Library/Developer/Xcode/DerivedData/iOSWhisperSmart-dxqurlwblkchnmalapbxnkyauthz/Build/Intermediates.noindex/iOSWhisperSmart.build/Debug-iphonesimulator/iOSWhisperSmart.build/Objects-normal/arm64/iOSWhisperSmart_dependency_info.dat --stringsdata-file /Users/rahulkashyap/Library/Developer/Xcode/DerivedData/iOSWhisperSmart-dxqurlwblkchnmalapbxnkyauthz/Build/Intermediates.noindex/iOSWhisperSmart.build/Debug-iphonesimulator/iOSWhisperSmart.build/Objects-normal/arm64/ExtractedAppShortcutsMetadata.stringsdata --source-file-list /Users/rahulkashyap/Library/Developer/Xcode/DerivedData/iOSWhisperSmart-dxqurlwblkchnmalapbxnkyauthz/Build/Intermediates.noindex/iOSWhisperSmart.build/Debug-iphonesimulator/iOSWhisperSmart.build/Objects-normal/arm64/iOSWhisperSmart.SwiftFileList --metadata-file-list /Users/rahulkashyap/Library/Developer/Xcode/DerivedData/iOSWhisperSmart-dxqurlwblkchnmalapbxnkyauthz/Build/Intermediates.noindex/iOSWhisperSmart.build/Debug-iphonesimulator/iOSWhisperSmart.build/iOSWhisperSmart.DependencyMetadataFileList --static-metadata-file-list /Users/rahulkashyap/Library/Developer/Xcode/DerivedData/iOSWhisperSmart-dxqurlwblkchnmalapbxnkyauthz/Build/Intermediates.noindex/iOSWhisperSmart.build/Debug-iphonesimulator/iOSWhisperSmart.build/iOSWhisperSmart.DependencyStaticMetadataFileList --swift-const-vals-list /Users/rahulkashyap/Library/Developer/Xcode/DerivedData/iOSWhisperSmart-dxqurlwblkchnmalapbxnkyauthz/Build/Intermediates.noindex/iOSWhisperSmart.build/Debug-iphonesimulator/iOSWhisperSmart.build/Objects-normal/arm64/iOSWhisperSmart.SwiftConstValuesFileList --compile-time-extraction --deployment-aware-processing --validate-assistant-intents --no-app-shortcuts-localization
2026-02-13 16:41:04.266 appintentsmetadataprocessor[75988:3577007] Starting appintentsmetadataprocessor export
2026-02-13 16:41:04.307 appintentsmetadataprocessor[75988:3577007] Writing Metadata.appintents
2026-02-13 16:41:04.307 appintentsmetadataprocessor[75988:3577007] Metadata root: /Users/rahulkashyap/Library/Developer/Xcode/DerivedData/iOSWhisperSmart-dxqurlwblkchnmalapbxnkyauthz/Build/Products/Debug-iphonesimulator/iOSWhisperSmart.app/Metadata.appintents

CopySwiftLibs /Users/rahulkashyap/Library/Developer/Xcode/DerivedData/iOSWhisperSmart-dxqurlwblkchnmalapbxnkyauthz/Build/Products/Debug-iphonesimulator/iOSWhisperSmart.app (in target 'iOSWhisperSmart' from project 'iOSWhisperSmart')
    cd /Users/rahulkashyap/.openclaw/workspace/VisperflowClone/iOSWhisperSmart
    builtin-swiftStdLibTool --copy --verbose --sign - --scan-executable /Users/rahulkashyap/Library/Developer/Xcode/DerivedData/iOSWhisperSmart-dxqurlwblkchnmalapbxnkyauthz/Build/Products/Debug-iphonesimulator/iOSWhisperSmart.app/iOSWhisperSmart.debug.dylib --scan-folder /Users/rahulkashyap/Library/Developer/Xcode/DerivedData/iOSWhisperSmart-dxqurlwblkchnmalapbxnkyauthz/Build/Products/Debug-iphonesimulator/iOSWhisperSmart.app/Frameworks --scan-folder /Users/rahulkashyap/Library/Developer/Xcode/DerivedData/iOSWhisperSmart-dxqurlwblkchnmalapbxnkyauthz/Build/Products/Debug-iphonesimulator/iOSWhisperSmart.app/PlugIns --scan-folder /Users/rahulkashyap/Library/Developer/Xcode/DerivedData/iOSWhisperSmart-dxqurlwblkchnmalapbxnkyauthz/Build/Products/Debug-iphonesimulator/iOSWhisperSmart.app/SystemExtensions --scan-folder /Users/rahulkashyap/Library/Developer/Xcode/DerivedData/iOSWhisperSmart-dxqurlwblkchnmalapbxnkyauthz/Build/Products/Debug-iphonesimulator/iOSWhisperSmart.app/Extensions --platform iphonesimulator --toolchain /Applications/Xcode.app/Contents/Developer/Toolchains/XcodeDefault.xctoolchain --destination /Users/rahulkashyap/Library/Developer/Xcode/DerivedData/iOSWhisperSmart-dxqurlwblkchnmalapbxnkyauthz/Build/Products/Debug-iphonesimulator/iOSWhisperSmart.app/Frameworks --strip-bitcode --strip-bitcode-tool /Applications/Xcode.app/Contents/Developer/Toolchains/XcodeDefault.xctoolchain/usr/bin/bitcode_strip --emit-dependency-info /Users/rahulkashyap/Library/Developer/Xcode/DerivedData/iOSWhisperSmart-dxqurlwblkchnmalapbxnkyauthz/Build/Intermediates.noindex/iOSWhisperSmart.build/Debug-iphonesimulator/iOSWhisperSmart.build/SwiftStdLibToolInputDependencies.dep --filter-for-swift-os

CodeSign /Users/rahulkashyap/Library/Developer/Xcode/DerivedData/iOSWhisperSmart-dxqurlwblkchnmalapbxnkyauthz/Build/Products/Debug-iphonesimulator/iOSWhisperSmart.app/iOSWhisperSmart.debug.dylib (in target 'iOSWhisperSmart' from project 'iOSWhisperSmart')
    cd /Users/rahulkashyap/.openclaw/workspace/VisperflowClone/iOSWhisperSmart
    
    Signing Identity:     "Sign to Run Locally"
    
    /usr/bin/codesign --force --sign - --timestamp\=none --generate-entitlement-der /Users/rahulkashyap/Library/Developer/Xcode/DerivedData/iOSWhisperSmart-dxqurlwblkchnmalapbxnkyauthz/Build/Products/Debug-iphonesimulator/iOSWhisperSmart.app/iOSWhisperSmart.debug.dylib

CodeSign /Users/rahulkashyap/Library/Developer/Xcode/DerivedData/iOSWhisperSmart-dxqurlwblkchnmalapbxnkyauthz/Build/Products/Debug-iphonesimulator/iOSWhisperSmart.app/__preview.dylib (in target 'iOSWhisperSmart' from project 'iOSWhisperSmart')
    cd /Users/rahulkashyap/.openclaw/workspace/VisperflowClone/iOSWhisperSmart
    
    Signing Identity:     "Sign to Run Locally"
    
    /usr/bin/codesign --force --sign - --timestamp\=none --generate-entitlement-der /Users/rahulkashyap/Library/Developer/Xcode/DerivedData/iOSWhisperSmart-dxqurlwblkchnmalapbxnkyauthz/Build/Products/Debug-iphonesimulator/iOSWhisperSmart.app/__preview.dylib
/Users/rahulkashyap/Library/Developer/Xcode/DerivedData/iOSWhisperSmart-dxqurlwblkchnmalapbxnkyauthz/Build/Products/Debug-iphonesimulator/iOSWhisperSmart.app/__preview.dylib: replacing existing signature

CodeSign /Users/rahulkashyap/Library/Developer/Xcode/DerivedData/iOSWhisperSmart-dxqurlwblkchnmalapbxnkyauthz/Build/Products/Debug-iphonesimulator/iOSWhisperSmart.app (in target 'iOSWhisperSmart' from project 'iOSWhisperSmart')
    cd /Users/rahulkashyap/.openclaw/workspace/VisperflowClone/iOSWhisperSmart
    
    Signing Identity:     "Sign to Run Locally"
    
    /usr/bin/codesign --force --sign - --entitlements /Users/rahulkashyap/Library/Developer/Xcode/DerivedData/iOSWhisperSmart-dxqurlwblkchnmalapbxnkyauthz/Build/Intermediates.noindex/iOSWhisperSmart.build/Debug-iphonesimulator/iOSWhisperSmart.build/iOSWhisperSmart.app.xcent --timestamp\=none --generate-entitlement-der /Users/rahulkashyap/Library/Developer/Xcode/DerivedData/iOSWhisperSmart-dxqurlwblkchnmalapbxnkyauthz/Build/Products/Debug-iphonesimulator/iOSWhisperSmart.app

ValidateEmbeddedBinary /Users/rahulkashyap/Library/Developer/Xcode/DerivedData/iOSWhisperSmart-dxqurlwblkchnmalapbxnkyauthz/Build/Products/Debug-iphonesimulator/iOSWhisperSmart.app/PlugIns/iOSWhisperSmartKeyboard.appex (in target 'iOSWhisperSmart' from project 'iOSWhisperSmart')
    cd /Users/rahulkashyap/.openclaw/workspace/VisperflowClone/iOSWhisperSmart
    /Applications/Xcode.app/Contents/Developer/usr/bin/embeddedBinaryValidationUtility /Users/rahulkashyap/Library/Developer/Xcode/DerivedData/iOSWhisperSmart-dxqurlwblkchnmalapbxnkyauthz/Build/Products/Debug-iphonesimulator/iOSWhisperSmart.app/PlugIns/iOSWhisperSmartKeyboard.appex -signing-cert - -info-plist-path /Users/rahulkashyap/Library/Developer/Xcode/DerivedData/iOSWhisperSmart-dxqurlwblkchnmalapbxnkyauthz/Build/Products/Debug-iphonesimulator/iOSWhisperSmart.app/Info.plist

Validate /Users/rahulkashyap/Library/Developer/Xcode/DerivedData/iOSWhisperSmart-dxqurlwblkchnmalapbxnkyauthz/Build/Products/Debug-iphonesimulator/iOSWhisperSmart.app (in target 'iOSWhisperSmart' from project 'iOSWhisperSmart')
    cd /Users/rahulkashyap/.openclaw/workspace/VisperflowClone/iOSWhisperSmart
    builtin-validationUtility /Users/rahulkashyap/Library/Developer/Xcode/DerivedData/iOSWhisperSmart-dxqurlwblkchnmalapbxnkyauthz/Build/Products/Debug-iphonesimulator/iOSWhisperSmart.app -infoplist-subpath Info.plist

note: Removed stale file '/Users/rahulkashyap/Library/Developer/Xcode/DerivedData/iOSWhisperSmart-dxqurlwblkchnmalapbxnkyauthz/Build/Products/Debug-iphonesimulator/iOSWhisperSmart.app/Frameworks'

** BUILD SUCCEEDED **

